[debug] [2025-07-12T19:12:05.935Z] ----------------------------------------------------------------------
[debug] [2025-07-12T19:12:05.943Z] Command:       C:\Program Files\nodejs\node.exe C:\Users\manav\AppData\Roaming\npm\node_modules\firebase-tools\lib\bin\firebase.js deploy
[debug] [2025-07-12T19:12:05.944Z] CLI Version:   14.10.1
[debug] [2025-07-12T19:12:05.944Z] Platform:      win32
[debug] [2025-07-12T19:12:05.945Z] Node Version:  v22.2.0
[debug] [2025-07-12T19:12:05.945Z] Time:          Sun Jul 13 2025 05:12:05 GMT+1000 (Australian Eastern Standard Time)
[debug] [2025-07-12T19:12:05.946Z] ----------------------------------------------------------------------
[debug] 
[debug] [2025-07-12T19:12:06.367Z] > command requires scopes: ["email","openid","https://www.googleapis.com/auth/cloudplatformprojects.readonly","https://www.googleapis.com/auth/firebase","https://www.googleapis.com/auth/cloud-platform"]
[debug] [2025-07-12T19:12:06.368Z] > authorizing via signed-in user (manavmalaviya27@gmail.com)
[debug] [2025-07-12T19:12:06.368Z] [iam] checking project nira-landing-page for permissions ["firebase.projects.get","firebasehosting.sites.update"]
[debug] [2025-07-12T19:12:06.371Z] Checked if tokens are valid: true, expires at: 1752349012679
[debug] [2025-07-12T19:12:06.371Z] Checked if tokens are valid: true, expires at: 1752349012679
[debug] [2025-07-12T19:12:06.374Z] >>> [apiv2][query] POST https://cloudresourcemanager.googleapis.com/v1/projects/nira-landing-page:testIamPermissions [none]
[debug] [2025-07-12T19:12:06.374Z] >>> [apiv2][(partial)header] POST https://cloudresourcemanager.googleapis.com/v1/projects/nira-landing-page:testIamPermissions x-goog-quota-user=projects/nira-landing-page
[debug] [2025-07-12T19:12:06.374Z] >>> [apiv2][body] POST https://cloudresourcemanager.googleapis.com/v1/projects/nira-landing-page:testIamPermissions {"permissions":["firebase.projects.get","firebasehosting.sites.update"]}
[debug] [2025-07-12T19:12:07.608Z] <<< [apiv2][status] POST https://cloudresourcemanager.googleapis.com/v1/projects/nira-landing-page:testIamPermissions 200
[debug] [2025-07-12T19:12:07.608Z] <<< [apiv2][body] POST https://cloudresourcemanager.googleapis.com/v1/projects/nira-landing-page:testIamPermissions {"permissions":["firebase.projects.get","firebasehosting.sites.update"]}
[debug] [2025-07-12T19:12:07.609Z] Checked if tokens are valid: true, expires at: 1752349012679
[debug] [2025-07-12T19:12:07.610Z] Checked if tokens are valid: true, expires at: 1752349012679
[debug] [2025-07-12T19:12:07.610Z] >>> [apiv2][query] GET https://firebase.googleapis.com/v1beta1/projects/nira-landing-page [none]
[debug] [2025-07-12T19:12:08.144Z] <<< [apiv2][status] GET https://firebase.googleapis.com/v1beta1/projects/nira-landing-page 200
[debug] [2025-07-12T19:12:08.144Z] <<< [apiv2][body] GET https://firebase.googleapis.com/v1beta1/projects/nira-landing-page {"projectId":"nira-landing-page","projectNumber":"407553409001","displayName":"NIRA LANDING PAGE","name":"projects/nira-landing-page","resources":{"hostingSite":"nira-landing-page"},"state":"ACTIVE","etag":"1_193ae789-c531-4cb4-a1bf-10e26451bb63"}
[info] 
[info] === Deploying to 'nira-landing-page'...
[info] 
[info] i  deploying hosting 
[debug] [2025-07-12T19:12:08.163Z] Checked if tokens are valid: true, expires at: 1752349012679
[debug] [2025-07-12T19:12:08.163Z] Checked if tokens are valid: true, expires at: 1752349012679
[debug] [2025-07-12T19:12:08.163Z] >>> [apiv2][query] POST https://firebasehosting.googleapis.com/v1beta1/projects/-/sites/nira-landing-page/versions [none]
[debug] [2025-07-12T19:12:08.163Z] >>> [apiv2][body] POST https://firebasehosting.googleapis.com/v1beta1/projects/-/sites/nira-landing-page/versions {"status":"CREATED","labels":{"deployment-tool":"cli-firebase"}}
[debug] [2025-07-12T19:12:09.717Z] <<< [apiv2][status] POST https://firebasehosting.googleapis.com/v1beta1/projects/-/sites/nira-landing-page/versions 200
